Error: woops
    at Timeout.setInterval [as _onTimeout] (C:\Users\vadim.melenciuc\Desktop\test-node\console\console-example.js:10:20)
    at ontimeout (timers.js:475:11)
    at tryOnTimeout (timers.js:310:5)
    at Timer.listOnTimeout (timers.js:270:5)
Error: woops
    at Timeout.setInterval [as _onTimeout] (C:\Users\vadim.melenciuc\Desktop\test-node\console\console-example.js:10:20)
    at ontimeout (timers.js:475:11)
    at tryOnTimeout (timers.js:310:5)
    at Timer.listOnTimeout (timers.js:270:5)
Error: woops
    at Timeout.setInterval [as _onTimeout] (C:\Users\vadim.melenciuc\Desktop\test-node\console\console-example.js:10:20)
    at ontimeout (timers.js:475:11)
    at tryOnTimeout (timers.js:310:5)
    at Timer.listOnTimeout (timers.js:270:5)
Error: woops
    at Timeout.setInterval [as _onTimeout] (C:\Users\vadim.melenciuc\Desktop\test-node\console\console-example.js:10:20)
    at ontimeout (timers.js:475:11)
    at tryOnTimeout (timers.js:310:5)
    at Timer.listOnTimeout (timers.js:270:5)
Error: woops
    at Timeout.setInterval [as _onTimeout] (C:\Users\vadim.melenciuc\Desktop\test-node\console\console-example.js:10:20)
    at ontimeout (timers.js:475:11)
    at tryOnTimeout (timers.js:310:5)
    at Timer.listOnTimeout (timers.js:270:5)
Error: woops
    at Timeout.setInterval [as _onTimeout] (C:\Users\vadim.melenciuc\Desktop\test-node\console\console-example.js:10:20)
    at ontimeout (timers.js:475:11)
    at tryOnTimeout (timers.js:310:5)
    at Timer.listOnTimeout (timers.js:270:5)
Error: woops
    at Timeout.setInterval [as _onTimeout] (C:\Users\vadim.melenciuc\Desktop\test-node\console\console-example.js:10:20)
    at ontimeout (timers.js:475:11)
    at tryOnTimeout (timers.js:310:5)
    at Timer.listOnTimeout (timers.js:270:5)
Error: woops
    at Timeout.setInterval [as _onTimeout] (C:\Users\vadim.melenciuc\Desktop\test-node\console\console-example.js:10:20)
    at ontimeout (timers.js:475:11)
    at tryOnTimeout (timers.js:310:5)
    at Timer.listOnTimeout (timers.js:270:5)
Error: woops
    at Timeout.setInterval [as _onTimeout] (C:\Users\vadim.melenciuc\Desktop\test-node\console\console-example.js:10:20)
    at ontimeout (timers.js:475:11)
    at tryOnTimeout (timers.js:310:5)
    at Timer.listOnTimeout (timers.js:270:5)
Error: woops
    at Timeout.setInterval [as _onTimeout] (C:\Users\vadim.melenciuc\Desktop\test-node\console\console-example.js:10:20)
    at ontimeout (timers.js:475:11)
    at tryOnTimeout (timers.js:310:5)
    at Timer.listOnTimeout (timers.js:270:5)
